{"/home/sr7/Work/Code/IIIT/virtual_labs/exp-process-life-cycle-iiith/experiment/simulation/src/Event.ts": {"path":"/home/sr7/Work/Code/IIIT/virtual_labs/exp-process-life-cycle-iiith/experiment/simulation/src/Event.ts","statementMap":{"0":{"start":{"line":24,"column":8},"end":{"line":24,"column":25}},"1":{"start":{"line":25,"column":8},"end":{"line":25,"column":21}},"2":{"start":{"line":26,"column":8},"end":{"line":26,"column":25}},"3":{"start":{"line":27,"column":8},"end":{"line":27,"column":21}},"4":{"start":{"line":28,"column":8},"end":{"line":28,"column":25}},"5":{"start":{"line":29,"column":8},"end":{"line":29,"column":35}},"6":{"start":{"line":32,"column":8},"end":{"line":32,"column":30}},"7":{"start":{"line":33,"column":8},"end":{"line":33,"column":33}},"8":{"start":{"line":36,"column":8},"end":{"line":36,"column":30}},"9":{"start":{"line":37,"column":8},"end":{"line":37,"column":35}},"10":{"start":{"line":40,"column":8},"end":{"line":48,"column":9}},"11":{"start":{"line":51,"column":61},"end":{"line":51,"column":65}},"12":{"start":{"line":52,"column":8},"end":{"line":52,"column":25}},"13":{"start":{"line":53,"column":8},"end":{"line":53,"column":23}},"14":{"start":{"line":54,"column":8},"end":{"line":54,"column":25}},"15":{"start":{"line":55,"column":8},"end":{"line":55,"column":21}},"16":{"start":{"line":56,"column":8},"end":{"line":56,"column":37}},"17":{"start":{"line":57,"column":8},"end":{"line":57,"column":25}},"18":{"start":{"line":58,"column":8},"end":{"line":58,"column":27}},"19":{"start":{"line":62,"column":21},"end":{"line":62,"column":48}},"20":{"start":{"line":63,"column":8},"end":{"line":70,"column":9}},"21":{"start":{"line":64,"column":12},"end":{"line":64,"column":35}},"22":{"start":{"line":65,"column":12},"end":{"line":65,"column":53}},"23":{"start":{"line":68,"column":12},"end":{"line":68,"column":35}},"24":{"start":{"line":69,"column":12},"end":{"line":69,"column":53}},"25":{"start":{"line":71,"column":8},"end":{"line":71,"column":43}},"26":{"start":{"line":72,"column":8},"end":{"line":72,"column":39}},"27":{"start":{"line":74,"column":19},"end":{"line":74,"column":46}},"28":{"start":{"line":75,"column":8},"end":{"line":75,"column":35}},"29":{"start":{"line":76,"column":8},"end":{"line":76,"column":41}},"30":{"start":{"line":77,"column":8},"end":{"line":77,"column":37}},"31":{"start":{"line":79,"column":18},"end":{"line":79,"column":45}},"32":{"start":{"line":80,"column":8},"end":{"line":80,"column":54}},"33":{"start":{"line":81,"column":8},"end":{"line":81,"column":39}},"34":{"start":{"line":82,"column":8},"end":{"line":82,"column":36}},"35":{"start":{"line":84,"column":19},"end":{"line":84,"column":46}},"36":{"start":{"line":85,"column":8},"end":{"line":85,"column":55}},"37":{"start":{"line":86,"column":8},"end":{"line":86,"column":41}},"38":{"start":{"line":87,"column":8},"end":{"line":87,"column":37}},"39":{"start":{"line":89,"column":21},"end":{"line":89,"column":50}},"40":{"start":{"line":90,"column":8},"end":{"line":90,"column":38}},"41":{"start":{"line":91,"column":8},"end":{"line":91,"column":35}},"42":{"start":{"line":92,"column":8},"end":{"line":92,"column":33}},"43":{"start":{"line":93,"column":8},"end":{"line":93,"column":32}},"44":{"start":{"line":94,"column":8},"end":{"line":94,"column":32}},"45":{"start":{"line":96,"column":8},"end":{"line":96,"column":22}}},"fnMap":{"0":{"name":"(anonymous_0)","decl":{"start":{"line":23,"column":4},"end":{"line":23,"column":5}},"loc":{"start":{"line":23,"column":119},"end":{"line":30,"column":5}},"line":23},"1":{"name":"(anonymous_1)","decl":{"start":{"line":31,"column":4},"end":{"line":31,"column":5}},"loc":{"start":{"line":31,"column":31},"end":{"line":34,"column":5}},"line":31},"2":{"name":"(anonymous_2)","decl":{"start":{"line":35,"column":4},"end":{"line":35,"column":5}},"loc":{"start":{"line":35,"column":24},"end":{"line":38,"column":5}},"line":35},"3":{"name":"(anonymous_3)","decl":{"start":{"line":39,"column":4},"end":{"line":39,"column":5}},"loc":{"start":{"line":39,"column":22},"end":{"line":49,"column":5}},"line":39},"4":{"name":"(anonymous_4)","decl":{"start":{"line":50,"column":4},"end":{"line":50,"column":5}},"loc":{"start":{"line":50,"column":26},"end":{"line":59,"column":5}},"line":50},"5":{"name":"(anonymous_5)","decl":{"start":{"line":60,"column":4},"end":{"line":60,"column":5}},"loc":{"start":{"line":60,"column":19},"end":{"line":97,"column":5}},"line":60}},"branchMap":{"0":{"loc":{"start":{"line":23,"column":16},"end":{"line":23,"column":31}},"type":"default-arg","locations":[{"start":{"line":23,"column":29},"end":{"line":23,"column":31}}],"line":23},"1":{"loc":{"start":{"line":23,"column":33},"end":{"line":23,"column":50}},"type":"default-arg","locations":[{"start":{"line":23,"column":48},"end":{"line":23,"column":50}}],"line":23},"2":{"loc":{"start":{"line":23,"column":52},"end":{"line":23,"column":69}},"type":"default-arg","locations":[{"start":{"line":23,"column":67},"end":{"line":23,"column":69}}],"line":23},"3":{"loc":{"start":{"line":23,"column":71},"end":{"line":23,"column":85}},"type":"default-arg","locations":[{"start":{"line":23,"column":83},"end":{"line":23,"column":85}}],"line":23},"4":{"loc":{"start":{"line":23,"column":87},"end":{"line":23,"column":117}},"type":"default-arg","locations":[{"start":{"line":23,"column":102},"end":{"line":23,"column":117}}],"line":23},"5":{"loc":{"start":{"line":63,"column":8},"end":{"line":70,"column":9}},"type":"if","locations":[{"start":{"line":63,"column":8},"end":{"line":70,"column":9}},{"start":{"line":67,"column":13},"end":{"line":70,"column":9}}],"line":63}},"s":{"0":9,"1":9,"2":9,"3":9,"4":9,"5":9,"6":1,"7":1,"8":0,"9":0,"10":1,"11":0,"12":0,"13":0,"14":0,"15":0,"16":0,"17":0,"18":0,"19":0,"20":0,"21":0,"22":0,"23":0,"24":0,"25":0,"26":0,"27":0,"28":0,"29":0,"30":0,"31":0,"32":0,"33":0,"34":0,"35":0,"36":0,"37":0,"38":0,"39":0,"40":0,"41":0,"42":0,"43":0,"44":0,"45":0},"f":{"0":9,"1":1,"2":0,"3":1,"4":0,"5":0},"b":{"0":[2],"1":[4],"2":[5],"3":[5],"4":[5],"5":[0,0]},"_coverageSchema":"1a1c01bbd47fc00a2c39e90264f33305004495a9","hash":"3b1795fc57abb718daf42e1d9b6102cc0b2bdf62"}
,"/home/sr7/Work/Code/IIIT/virtual_labs/exp-process-life-cycle-iiith/experiment/simulation/src/Process.ts": {"path":"/home/sr7/Work/Code/IIIT/virtual_labs/exp-process-life-cycle-iiith/experiment/simulation/src/Process.ts","statementMap":{"0":{"start":{"line":22,"column":8},"end":{"line":22,"column":23}},"1":{"start":{"line":23,"column":8},"end":{"line":23,"column":38}},"2":{"start":{"line":24,"column":8},"end":{"line":24,"column":35}},"3":{"start":{"line":25,"column":8},"end":{"line":25,"column":26}},"4":{"start":{"line":29,"column":8},"end":{"line":34,"column":9}},"5":{"start":{"line":38,"column":44},"end":{"line":38,"column":48}},"6":{"start":{"line":39,"column":8},"end":{"line":39,"column":23}},"7":{"start":{"line":40,"column":8},"end":{"line":40,"column":25}},"8":{"start":{"line":41,"column":8},"end":{"line":41,"column":27}},"9":{"start":{"line":42,"column":8},"end":{"line":42,"column":31}},"10":{"start":{"line":46,"column":8},"end":{"line":46,"column":34}},"11":{"start":{"line":50,"column":8},"end":{"line":50,"column":36}},"12":{"start":{"line":51,"column":8},"end":{"line":51,"column":38}},"13":{"start":{"line":55,"column":8},"end":{"line":55,"column":34}},"14":{"start":{"line":56,"column":8},"end":{"line":56,"column":38}},"15":{"start":{"line":60,"column":8},"end":{"line":60,"column":36}},"16":{"start":{"line":61,"column":8},"end":{"line":61,"column":38}},"17":{"start":{"line":65,"column":8},"end":{"line":65,"column":39}},"18":{"start":{"line":66,"column":8},"end":{"line":66,"column":38}}},"fnMap":{"0":{"name":"(anonymous_0)","decl":{"start":{"line":21,"column":4},"end":{"line":21,"column":5}},"loc":{"start":{"line":21,"column":33},"end":{"line":26,"column":5}},"line":21},"1":{"name":"(anonymous_1)","decl":{"start":{"line":28,"column":4},"end":{"line":28,"column":5}},"loc":{"start":{"line":28,"column":24},"end":{"line":35,"column":5}},"line":28},"2":{"name":"(anonymous_2)","decl":{"start":{"line":37,"column":4},"end":{"line":37,"column":5}},"loc":{"start":{"line":37,"column":28},"end":{"line":43,"column":5}},"line":37},"3":{"name":"(anonymous_3)","decl":{"start":{"line":45,"column":4},"end":{"line":45,"column":5}},"loc":{"start":{"line":45,"column":13},"end":{"line":47,"column":5}},"line":45},"4":{"name":"(anonymous_4)","decl":{"start":{"line":49,"column":4},"end":{"line":49,"column":5}},"loc":{"start":{"line":49,"column":10},"end":{"line":52,"column":5}},"line":49},"5":{"name":"(anonymous_5)","decl":{"start":{"line":54,"column":4},"end":{"line":54,"column":5}},"loc":{"start":{"line":54,"column":12},"end":{"line":57,"column":5}},"line":54},"6":{"name":"(anonymous_6)","decl":{"start":{"line":59,"column":4},"end":{"line":59,"column":5}},"loc":{"start":{"line":59,"column":15},"end":{"line":62,"column":5}},"line":59},"7":{"name":"(anonymous_7)","decl":{"start":{"line":64,"column":4},"end":{"line":64,"column":5}},"loc":{"start":{"line":64,"column":16},"end":{"line":67,"column":5}},"line":64}},"branchMap":{"0":{"loc":{"start":{"line":21,"column":16},"end":{"line":21,"column":31}},"type":"default-arg","locations":[{"start":{"line":21,"column":30},"end":{"line":21,"column":31}}],"line":21}},"s":{"0":2,"1":2,"2":2,"3":2,"4":3,"5":1,"6":1,"7":1,"8":1,"9":1,"10":1,"11":1,"12":1,"13":1,"14":1,"15":1,"16":1,"17":1,"18":1},"f":{"0":2,"1":3,"2":1,"3":1,"4":1,"5":1,"6":1,"7":1},"b":{"0":[0]},"_coverageSchema":"1a1c01bbd47fc00a2c39e90264f33305004495a9","hash":"ce3b2b27ac03c2b6c736c970cd9f06e96e1b0bb8"}
,"/home/sr7/Work/Code/IIIT/virtual_labs/exp-process-life-cycle-iiith/experiment/simulation/src/config.ts": {"path":"/home/sr7/Work/Code/IIIT/virtual_labs/exp-process-life-cycle-iiith/experiment/simulation/src/config.ts","statementMap":{"0":{"start":{"line":2,"column":28},"end":{"line":2,"column":29}},"1":{"start":{"line":3,"column":22},"end":{"line":3,"column":30}},"2":{"start":{"line":4,"column":20},"end":{"line":4,"column":26}},"3":{"start":{"line":5,"column":22},"end":{"line":5,"column":30}},"4":{"start":{"line":6,"column":24},"end":{"line":6,"column":34}},"5":{"start":{"line":7,"column":24},"end":{"line":7,"column":34}},"6":{"start":{"line":8,"column":23},"end":{"line":8,"column":32}},"7":{"start":{"line":9,"column":21},"end":{"line":9,"column":28}},"8":{"start":{"line":10,"column":18},"end":{"line":10,"column":22}},"9":{"start":{"line":11,"column":25},"end":{"line":11,"column":36}},"10":{"start":{"line":12,"column":18},"end":{"line":12,"column":22}},"11":{"start":{"line":13,"column":19},"end":{"line":13,"column":24}},"12":{"start":{"line":14,"column":22},"end":{"line":14,"column":30}},"13":{"start":{"line":17,"column":26},"end":{"line":17,"column":38}},"14":{"start":{"line":18,"column":23},"end":{"line":18,"column":32}},"15":{"start":{"line":19,"column":23},"end":{"line":19,"column":32}},"16":{"start":{"line":20,"column":21},"end":{"line":20,"column":28}},"17":{"start":{"line":21,"column":22},"end":{"line":21,"column":30}},"18":{"start":{"line":24,"column":27},"end":{"line":24,"column":48}},"19":{"start":{"line":25,"column":24},"end":{"line":25,"column":37}},"20":{"start":{"line":26,"column":22},"end":{"line":26,"column":32}},"21":{"start":{"line":27,"column":25},"end":{"line":27,"column":44}}},"fnMap":{},"branchMap":{},"s":{"0":2,"1":2,"2":2,"3":2,"4":2,"5":2,"6":2,"7":2,"8":2,"9":2,"10":2,"11":2,"12":2,"13":2,"14":2,"15":2,"16":2,"17":2,"18":2,"19":2,"20":2,"21":2},"f":{},"b":{},"_coverageSchema":"1a1c01bbd47fc00a2c39e90264f33305004495a9","hash":"74614fc5f243f7bfd8cdc5d292c6bf7cdfa4a2ce"}
,"/home/sr7/Work/Code/IIIT/virtual_labs/exp-process-life-cycle-iiith/experiment/simulation/src/helper_functions.ts": {"path":"/home/sr7/Work/Code/IIIT/virtual_labs/exp-process-life-cycle-iiith/experiment/simulation/src/helper_functions.ts","statementMap":{"0":{"start":{"line":16,"column":21},"end":{"line":20,"column":1}},"1":{"start":{"line":17,"column":4},"end":{"line":17,"column":25}},"2":{"start":{"line":18,"column":4},"end":{"line":18,"column":26}},"3":{"start":{"line":19,"column":4},"end":{"line":19,"column":57}},"4":{"start":{"line":22,"column":25},"end":{"line":24,"column":1}},"5":{"start":{"line":23,"column":4},"end":{"line":23,"column":40}},"6":{"start":{"line":26,"column":23},"end":{"line":42,"column":1}},"7":{"start":{"line":27,"column":26},"end":{"line":27,"column":44}},"8":{"start":{"line":28,"column":13},"end":{"line":31,"column":5}},"9":{"start":{"line":32,"column":4},"end":{"line":34,"column":5}},"10":{"start":{"line":33,"column":8},"end":{"line":33,"column":18}},"11":{"start":{"line":35,"column":4},"end":{"line":41,"column":5}},"12":{"start":{"line":44,"column":29},"end":{"line":51,"column":1}},"13":{"start":{"line":45,"column":20},"end":{"line":45,"column":22}},"14":{"start":{"line":46,"column":4},"end":{"line":48,"column":5}},"15":{"start":{"line":46,"column":17},"end":{"line":46,"column":18}},"16":{"start":{"line":47,"column":8},"end":{"line":47,"column":42}},"17":{"start":{"line":49,"column":4},"end":{"line":49,"column":62}},"18":{"start":{"line":49,"column":31},"end":{"line":49,"column":60}},"19":{"start":{"line":50,"column":4},"end":{"line":50,"column":21}}},"fnMap":{"0":{"name":"(anonymous_0)","decl":{"start":{"line":16,"column":21},"end":{"line":16,"column":22}},"loc":{"start":{"line":16,"column":59},"end":{"line":20,"column":1}},"line":16},"1":{"name":"(anonymous_1)","decl":{"start":{"line":22,"column":25},"end":{"line":22,"column":26}},"loc":{"start":{"line":22,"column":44},"end":{"line":24,"column":1}},"line":22},"2":{"name":"(anonymous_2)","decl":{"start":{"line":26,"column":23},"end":{"line":26,"column":24}},"loc":{"start":{"line":26,"column":48},"end":{"line":42,"column":1}},"line":26},"3":{"name":"(anonymous_3)","decl":{"start":{"line":44,"column":29},"end":{"line":44,"column":30}},"loc":{"start":{"line":44,"column":55},"end":{"line":51,"column":1}},"line":44},"4":{"name":"(anonymous_4)","decl":{"start":{"line":49,"column":19},"end":{"line":49,"column":20}},"loc":{"start":{"line":49,"column":31},"end":{"line":49,"column":60}},"line":49}},"branchMap":{"0":{"loc":{"start":{"line":32,"column":4},"end":{"line":34,"column":5}},"type":"if","locations":[{"start":{"line":32,"column":4},"end":{"line":34,"column":5}},{"start":{},"end":{}}],"line":32}},"s":{"0":1,"1":204,"2":204,"3":204,"4":1,"5":3,"6":1,"7":0,"8":0,"9":0,"10":0,"11":0,"12":1,"13":0,"14":0,"15":0,"16":0,"17":0,"18":0,"19":0},"f":{"0":204,"1":3,"2":0,"3":0,"4":0},"b":{"0":[0,0]},"_coverageSchema":"1a1c01bbd47fc00a2c39e90264f33305004495a9","hash":"fa01177d0475039d31177e7b3defead6b81416db"}
}
